timestamp: 2014-01-05T19:40:31.624444
CREATE TABLE "auth_user"(
    "id" INTEGER PRIMARY KEY AUTOINCREMENT,
    "first_name" CHAR(128),
    "last_name" CHAR(128),
    "email" CHAR(512),
    "username" CHAR(128),
    "password" CHAR(512),
    "registration_key" CHAR(512),
    "reset_password_key" CHAR(512),
    "registration_id" CHAR(512)
);
success!
timestamp: 2014-01-05T19:40:31.638655
CREATE TABLE "auth_group"(
    "id" INTEGER PRIMARY KEY AUTOINCREMENT,
    "role" CHAR(512),
    "description" TEXT
);
success!
timestamp: 2014-01-05T19:40:31.655250
CREATE TABLE "auth_membership"(
    "id" INTEGER PRIMARY KEY AUTOINCREMENT,
    "user_id" INTEGER REFERENCES "auth_user" ("id") ON DELETE CASCADE,
    "group_id" INTEGER REFERENCES "auth_group" ("id") ON DELETE CASCADE
);
success!
timestamp: 2014-01-05T19:40:31.838141
CREATE TABLE "auth_permission"(
    "id" INTEGER PRIMARY KEY AUTOINCREMENT,
    "group_id" INTEGER REFERENCES "auth_group" ("id") ON DELETE CASCADE,
    "name" CHAR(512),
    "table_name" CHAR(512),
    "record_id" INTEGER
);
success!
timestamp: 2014-01-05T19:40:31.874981
CREATE TABLE "auth_event"(
    "id" INTEGER PRIMARY KEY AUTOINCREMENT,
    "time_stamp" TIMESTAMP,
    "client_ip" CHAR(512),
    "user_id" INTEGER REFERENCES "auth_user" ("id") ON DELETE CASCADE,
    "origin" CHAR(512),
    "description" TEXT
);
success!
timestamp: 2014-01-05T19:40:31.901522
CREATE TABLE "auth_cas"(
    "id" INTEGER PRIMARY KEY AUTOINCREMENT,
    "user_id" INTEGER REFERENCES "auth_user" ("id") ON DELETE CASCADE,
    "created_on" TIMESTAMP,
    "service" CHAR(512),
    "ticket" CHAR(512),
    "renew" CHAR(1)
);
success!
timestamp: 2014-01-05T19:45:23.996057
CREATE TABLE "processo"(
    "id" INTEGER PRIMARY KEY AUTOINCREMENT,
    "usuario" CHAR(512),
    "criado_em" DATE,
    "classe" CHAR(512),
    "numero" CHAR(512),
    "competencia" CHAR(512),
    "reu" CHAR(512),
    "crime" CHAR(512)
);
success!
