[2014-01-05 19:12:28] START
[2014-01-05 19:12:57] EDIT processos/models/db.py: -2
[2014-01-05 19:14:04] EDIT processos/models/menu.py: 0
[2014-01-05 19:15:24] EDIT processos/controllers/appadmin.py: -56
[2014-01-05 19:16:02] EDIT processos/controllers/default.py: 63
[2014-01-05 19:18:51] CREATE tj.py: 0
[2014-01-05 19:19:00] EDIT processos/models/tj.py: 71
[2014-01-05 19:20:27] EDIT processos/controllers/default.py: 0
[2014-01-05 19:22:33] EDIT processos/controllers/default.py: 0
[2014-01-05 19:23:37] CREATE default/cadastro.html: 0
[2014-01-05 19:23:47] EDIT processos/views/default/cadastro.html: -1
[2014-01-05 19:25:28] EDIT processos/views/default/index.html: 29
[2014-01-05 19:25:57] CREATE default/cadastro_final.html: 0
[2014-01-05 19:26:32] CREATE default/escolhe_processo.html: 0
[2014-01-05 19:26:47] CREATE default/pesquisa.html: 0
[2014-01-05 19:27:07] CREATE default/result.html: 0
[2014-01-05 19:28:07] EDIT processos/views/default/cadastro_final.html: -1
[2014-01-05 19:28:28] EDIT processos/views/default/escolhe_processo.html: 0
[2014-01-05 19:28:44] EDIT processos/views/default/pesquisa.html: 0
[2014-01-05 19:28:53] EDIT processos/views/default/pesquisa.html: -1
[2014-01-05 19:29:15] EDIT processos/views/default/result.html: 23
[2014-01-05 19:38:48] EDIT processos/models/db.py: -4
[2014-01-05 19:43:40] EDIT processos/models/db.py: 0
[2014-01-05 19:44:59] EDIT processos/controllers/default.py: 0
[2014-01-05 19:54:48] CREATE tj.py: 0
[2014-01-05 19:54:59] EDIT processos/modules/tj.py: 70
[2014-01-05 22:16:20] EDIT processos/controllers/default.py: 0
